# JRE version: OpenJDK Runtime Environment (22.0.2+9) (build 22.0.2+9-70)
# Java VM: OpenJDK 64-Bit Server VM (22.0.2+9-70, mixed mode, emulated-client, sharing, tiered, compressed oops, compressed class ptrs, g1 gc, windows-amd64)
GC Precious Log:
 CardTable entry size: 512
 Card Set container configuration: InlinePtr #cards 4 size 8 Array Of Cards #cards 16 size 48 Howl #buckets 8 coarsen threshold 3686 Howl Bitmap #cards 512 size 80 coarsen threshold 460 Card regions per heap region 1 cards per card region 4096
 CPUs: 12 total, 12 available
 Memory: 15554M
 Large Page Support: Disabled
 NUMA Support: Disabled
 Compressed Oops: Enabled (Zero based)
 Heap Region Size: 2M
 Heap Min Capacity: 8M
 Heap Initial Capacity: 244M
 Heap Max Capacity: 3890M
 Pre-touch: Disabled
 Parallel Workers: 10
 Concurrent Workers: 3
 Concurrent Refinement Workers: 10
 Periodic GC: Disabled
Heap:
 garbage-first heap   total reserved 3983360K, committed 249856K, used 47773K [0x000000070ce00000, 0x0000000800000000)
  region size 2048K, 4 young (8192K), 4 survivors (8192K)
 Metaspace       used 87720K, committed 88640K, reserved 1179648K
  class space    used 12803K, committed 13248K, reserved 1048576K
GC Heap History (20 events):
Event: 4.322 GC heap after
{Heap after GC invocations=16 (full 0):
 garbage-first heap   total reserved 3983360K, committed 90112K, used 37150K [0x000000070ce00000, 0x0000000800000000)
  region size 2048K, 2 young (4096K), 2 survivors (4096K)
 Metaspace       used 63567K, committed 64320K, reserved 1114112K
  class space    used 9019K, committed 9344K, reserved 1048576K
}
Event: 4.713 GC heap before
{Heap before GC invocations=16 (full 0):
 garbage-first heap   total reserved 3983360K, committed 90112K, used 78110K [0x000000070ce00000, 0x0000000800000000)
  region size 2048K, 22 young (45056K), 2 survivors (4096K)
 Metaspace       used 71320K, committed 72064K, reserved 1114112K
  class space    used 10293K, committed 10624K, reserved 1048576K
}
Event: 4.716 GC heap after
{Heap after GC invocations=17 (full 0):
 garbage-first heap   total reserved 3983360K, committed 90112K, used 37957K [0x000000070ce00000, 0x0000000800000000)
  region size 2048K, 3 young (6144K), 3 survivors (6144K)
 Metaspace       used 71320K, committed 72064K, reserved 1114112K
  class space    used 10293K, committed 10624K, reserved 1048576K
}
Event: 4.995 GC heap before
{Heap before GC invocations=17 (full 0):
 garbage-first heap   total reserved 3983360K, committed 90112K, used 74821K [0x000000070ce00000, 0x0000000800000000)
  region size 2048K, 21 young (43008K), 3 survivors (6144K)
 Metaspace       used 75200K, committed 75968K, reserved 1179648K
  class space    used 10788K, committed 11072K, reserved 1048576K
}
Event: 4.998 GC heap after
{Heap after GC invocations=18 (full 0):
 garbage-first heap   total reserved 3983360K, committed 90112K, used 40912K [0x000000070ce00000, 0x0000000800000000)
  region size 2048K, 3 young (6144K), 3 survivors (6144K)
 Metaspace       used 75200K, committed 75968K, reserved 1179648K
  class space    used 10788K, committed 11072K, reserved 1048576K
}
Event: 5.220 GC heap before
{Heap before GC invocations=18 (full 0):
 garbage-first heap   total reserved 3983360K, committed 90112K, used 75728K [0x000000070ce00000, 0x0000000800000000)
  region size 2048K, 20 young (40960K), 3 survivors (6144K)
 Metaspace       used 77328K, committed 78144K, reserved 1179648K
  class space    used 11109K, committed 11456K, reserved 1048576K
}
Event: 5.223 GC heap after
{Heap after GC invocations=19 (full 0):
 garbage-first heap   total reserved 3983360K, committed 108544K, used 43633K [0x000000070ce00000, 0x0000000800000000)
  region size 2048K, 3 young (6144K), 3 survivors (6144K)
 Metaspace       used 77328K, committed 78144K, reserved 1179648K
  class space    used 11109K, committed 11456K, reserved 1048576K
}
Event: 5.568 GC heap before
{Heap before GC invocations=20 (full 0):
 garbage-first heap   total reserved 3983360K, committed 108544K, used 92785K [0x000000070ce00000, 0x0000000800000000)
  region size 2048K, 27 young (55296K), 3 survivors (6144K)
 Metaspace       used 79215K, committed 80000K, reserved 1179648K
  class space    used 11513K, committed 11840K, reserved 1048576K
}
Event: 5.572 GC heap after
{Heap after GC invocations=21 (full 0):
 garbage-first heap   total reserved 3983360K, committed 108544K, used 46830K [0x000000070ce00000, 0x0000000800000000)
  region size 2048K, 3 young (6144K), 3 survivors (6144K)
 Metaspace       used 79215K, committed 80000K, reserved 1179648K
  class space    used 11513K, committed 11840K, reserved 1048576K
}
Event: 19.079 GC heap before
{Heap before GC invocations=21 (full 0):
 garbage-first heap   total reserved 3983360K, committed 108544K, used 91886K [0x000000070ce00000, 0x0000000800000000)
  region size 2048K, 26 young (53248K), 3 survivors (6144K)
 Metaspace       used 85286K, committed 86144K, reserved 1179648K
  class space    used 12478K, committed 12864K, reserved 1048576K
}
Event: 19.086 GC heap after
{Heap after GC invocations=22 (full 0):
 garbage-first heap   total reserved 3983360K, committed 108544K, used 49315K [0x000000070ce00000, 0x0000000800000000)
  region size 2048K, 4 young (8192K), 4 survivors (8192K)
 Metaspace       used 85286K, committed 86144K, reserved 1179648K
  class space    used 12478K, committed 12864K, reserved 1048576K
}
Event: 446.613 GC heap before
{Heap before GC invocations=22 (full 0):
 garbage-first heap   total reserved 3983360K, committed 108544K, used 90275K [0x000000070ce00000, 0x0000000800000000)
  region size 2048K, 24 young (49152K), 4 survivors (8192K)
 Metaspace       used 87333K, committed 88320K, reserved 1179648K
  class space    used 12819K, committed 13248K, reserved 1048576K
}
Event: 446.616 GC heap after
{Heap after GC invocations=23 (full 0):
 garbage-first heap   total reserved 3983360K, committed 108544K, used 50395K [0x000000070ce00000, 0x0000000800000000)
  region size 2048K, 3 young (6144K), 3 survivors (6144K)
 Metaspace       used 87333K, committed 88320K, reserved 1179648K
  class space    used 12819K, committed 13248K, reserved 1048576K
}
Event: 446.619 GC heap before
{Heap before GC invocations=23 (full 0):
 garbage-first heap   total reserved 3983360K, committed 108544K, used 50395K [0x000000070ce00000, 0x0000000800000000)
  region size 2048K, 4 young (8192K), 3 survivors (6144K)
 Metaspace       used 87339K, committed 88320K, reserved 1179648K
  class space    used 12820K, committed 13248K, reserved 1048576K
}
Event: 446.658 GC heap after
{Heap after GC invocations=24 (full 1):
 garbage-first heap   total reserved 3983360K, committed 108544K, used 35453K [0x000000070ce00000, 0x0000000800000000)
  region size 2048K, 0 young (0K), 0 survivors (0K)
 Metaspace       used 86891K, committed 88320K, reserved 1179648K
  class space    used 12696K, committed 13248K, reserved 1048576K
}
Event: 447.097 GC heap before
{Heap before GC invocations=24 (full 1):
 garbage-first heap   total reserved 3983360K, committed 108544K, used 94845K [0x000000070ce00000, 0x0000000800000000)
  region size 2048K, 29 young (59392K), 0 survivors (0K)
 Metaspace       used 87123K, committed 88320K, reserved 1179648K
  class space    used 12729K, committed 13248K, reserved 1048576K
}
Event: 447.100 GC heap after
{Heap after GC invocations=25 (full 1):
 garbage-first heap   total reserved 3983360K, committed 108544K, used 40765K [0x000000070ce00000, 0x0000000800000000)
  region size 2048K, 3 young (6144K), 3 survivors (6144K)
 Metaspace       used 87123K, committed 88320K, reserved 1179648K
  class space    used 12729K, committed 13248K, reserved 1048576K
}
Event: 448.207 GC heap before
{Heap before GC invocations=25 (full 1):
 garbage-first heap   total reserved 3983360K, committed 108544K, used 89917K [0x000000070ce00000, 0x0000000800000000)
  region size 2048K, 27 young (55296K), 3 survivors (6144K)
 Metaspace       used 87277K, committed 88320K, reserved 1179648K
  class space    used 12762K, committed 13248K, reserved 1048576K
}
Event: 448.210 GC heap after
{Heap after GC invocations=26 (full 1):
 garbage-first heap   total reserved 3983360K, committed 108544K, used 44274K [0x000000070ce00000, 0x0000000800000000)
  region size 2048K, 2 young (4096K), 2 survivors (4096K)
 Metaspace       used 87277K, committed 88320K, reserved 1179648K
  class space    used 12762K, committed 13248K, reserved 1048576K
}
Event: 448.472 GC heap before
{Heap before GC invocations=27 (full 1):
 garbage-first heap   total reserved 3983360K, committed 108544K, used 91378K [0x000000070ce00000, 0x0000000800000000)
  region size 2048K, 25 young (51200K), 2 survivors (4096K)
 Metaspace       used 87720K, committed 88640K, reserved 1179648K
  class space    used 12803K, committed 13248K, reserved 1048576K
}

