# JRE version: OpenJDK Runtime Environment Temurin-17.0.12+7 (17.0.12+7) (build 17.0.12+7)
# Java VM: OpenJDK 64-Bit Server VM Temurin-17.0.12+7 (17.0.12+7, mixed mode, tiered, compressed oops, compressed class ptrs, parallel gc, windows-amd64)
GC Precious Log:
 CPUs: 12 total, 12 available
 Memory: 15554M
 Large Page Support: Disabled
 NUMA Support: Disabled
 Compressed Oops: Enabled (32-bit)
 Alignments: Space 512K, Generation 512K, Heap 2M
 Heap Min Capacity: 100M
 Heap Initial Capacity: 100M
 Heap Max Capacity: 1G
 Pre-touch: Disabled
 Parallel Workers: 10
Heap:
 PSYoungGen      total 5632K, used 5628K [0x00000000eab00000, 0x00000000eb380000, 0x0000000100000000)
  eden space 3072K, 100% used [0x00000000eab00000,0x00000000eae00000,0x00000000eae00000)
  from space 2560K, 99% used [0x00000000eb100000,0x00000000eb37f000,0x00000000eb380000)
  to   space 3072K, 33% used [0x00000000eae00000,0x00000000eaf01320,0x00000000eb100000)
 ParOldGen       total 699392K, used 233071K [0x00000000c0000000, 0x00000000eab00000, 0x00000000eab00000)
  object space 699392K, 33% used [0x00000000c0000000,0x00000000ce39dc48,0x00000000eab00000)
 Metaspace       used 63618K, committed 64832K, reserved 1114112K
  class space    used 6923K, committed 7424K, reserved 1048576K
GC Heap History (20 events):
Event: 19.954 GC heap after
{Heap after GC invocations=459 (full 272):
 PSYoungGen      total 6144K, used 2134K [0x00000000eab00000, 0x00000000eb380000, 0x0000000100000000)
  eden space 3072K, 0% used [0x00000000eab00000,0x00000000eab00000,0x00000000eae00000)
  from space 3072K, 69% used [0x00000000eae00000,0x00000000eb0159b0,0x00000000eb100000)
  to   space 2560K, 0% used [0x00000000eb100000,0x00000000eb100000,0x00000000eb380000)
 ParOldGen       total 699392K, used 225823K [0x00000000c0000000, 0x00000000eab00000, 0x00000000eab00000)
  object space 699392K, 32% used [0x00000000c0000000,0x00000000cdc87c10,0x00000000eab00000)
 Metaspace       used 63407K, committed 64640K, reserved 1114112K
  class space    used 6903K, committed 7424K, reserved 1048576K
}
Event: 19.960 GC heap before
{Heap before GC invocations=460 (full 272):
 PSYoungGen      total 6144K, used 5206K [0x00000000eab00000, 0x00000000eb380000, 0x0000000100000000)
  eden space 3072K, 99% used [0x00000000eab00000,0x00000000eadffea8,0x00000000eae00000)
  from space 3072K, 69% used [0x00000000eae00000,0x00000000eb0159b0,0x00000000eb100000)
  to   space 2560K, 0% used [0x00000000eb100000,0x00000000eb100000,0x00000000eb380000)
 ParOldGen       total 699392K, used 225823K [0x00000000c0000000, 0x00000000eab00000, 0x00000000eab00000)
  object space 699392K, 32% used [0x00000000c0000000,0x00000000cdc87c10,0x00000000eab00000)
 Metaspace       used 63472K, committed 64704K, reserved 1114112K
  class space    used 6911K, committed 7424K, reserved 1048576K
}
Event: 19.961 GC heap after
{Heap after GC invocations=460 (full 272):
 PSYoungGen      total 5632K, used 2557K [0x00000000eab00000, 0x00000000eb480000, 0x0000000100000000)
  eden space 3072K, 0% used [0x00000000eab00000,0x00000000eab00000,0x00000000eae00000)
  from space 2560K, 99% used [0x00000000eb100000,0x00000000eb37f4f0,0x00000000eb380000)
  to   space 3072K, 0% used [0x00000000eae00000,0x00000000eae00000,0x00000000eb100000)
 ParOldGen       total 699392K, used 225855K [0x00000000c0000000, 0x00000000eab00000, 0x00000000eab00000)
  object space 699392K, 32% used [0x00000000c0000000,0x00000000cdc8fc10,0x00000000eab00000)
 Metaspace       used 63472K, committed 64704K, reserved 1114112K
  class space    used 6911K, committed 7424K, reserved 1048576K
}
Event: 19.969 GC heap before
{Heap before GC invocations=461 (full 272):
 PSYoungGen      total 5632K, used 5629K [0x00000000eab00000, 0x00000000eb480000, 0x0000000100000000)
  eden space 3072K, 100% used [0x00000000eab00000,0x00000000eae00000,0x00000000eae00000)
  from space 2560K, 99% used [0x00000000eb100000,0x00000000eb37f4f0,0x00000000eb380000)
  to   space 3072K, 0% used [0x00000000eae00000,0x00000000eae00000,0x00000000eb100000)
 ParOldGen       total 699392K, used 225855K [0x00000000c0000000, 0x00000000eab00000, 0x00000000eab00000)
  object space 699392K, 32% used [0x00000000c0000000,0x00000000cdc8fc10,0x00000000eab00000)
 Metaspace       used 63489K, committed 64704K, reserved 1114112K
  class space    used 6913K, committed 7424K, reserved 1048576K
}
Event: 19.971 GC heap after
{Heap after GC invocations=461 (full 272):
 PSYoungGen      total 6144K, used 1921K [0x00000000eab00000, 0x00000000eb380000, 0x0000000100000000)
  eden space 3072K, 0% used [0x00000000eab00000,0x00000000eab00000,0x00000000eae00000)
  from space 3072K, 62% used [0x00000000eae00000,0x00000000eafe0790,0x00000000eb100000)
  to   space 2560K, 0% used [0x00000000eb100000,0x00000000eb100000,0x00000000eb380000)
 ParOldGen       total 699392K, used 227187K [0x00000000c0000000, 0x00000000eab00000, 0x00000000eab00000)
  object space 699392K, 32% used [0x00000000c0000000,0x00000000cdddce18,0x00000000eab00000)
 Metaspace       used 63489K, committed 64704K, reserved 1114112K
  class space    used 6913K, committed 7424K, reserved 1048576K
}
Event: 19.978 GC heap before
{Heap before GC invocations=462 (full 272):
 PSYoungGen      total 6144K, used 4993K [0x00000000eab00000, 0x00000000eb380000, 0x0000000100000000)
  eden space 3072K, 100% used [0x00000000eab00000,0x00000000eae00000,0x00000000eae00000)
  from space 3072K, 62% used [0x00000000eae00000,0x00000000eafe0790,0x00000000eb100000)
  to   space 2560K, 0% used [0x00000000eb100000,0x00000000eb100000,0x00000000eb380000)
 ParOldGen       total 699392K, used 227187K [0x00000000c0000000, 0x00000000eab00000, 0x00000000eab00000)
  object space 699392K, 32% used [0x00000000c0000000,0x00000000cdddce18,0x00000000eab00000)
 Metaspace       used 63491K, committed 64704K, reserved 1114112K
  class space    used 6913K, committed 7424K, reserved 1048576K
}
Event: 19.979 GC heap after
{Heap after GC invocations=462 (full 272):
 PSYoungGen      total 5632K, used 2543K [0x00000000eab00000, 0x00000000eb480000, 0x0000000100000000)
  eden space 3072K, 0% used [0x00000000eab00000,0x00000000eab00000,0x00000000eae00000)
  from space 2560K, 99% used [0x00000000eb100000,0x00000000eb37bd98,0x00000000eb380000)
  to   space 3072K, 0% used [0x00000000eae00000,0x00000000eae00000,0x00000000eb100000)
 ParOldGen       total 699392K, used 227208K [0x00000000c0000000, 0x00000000eab00000, 0x00000000eab00000)
  object space 699392K, 32% used [0x00000000c0000000,0x00000000cdde2280,0x00000000eab00000)
 Metaspace       used 63491K, committed 64704K, reserved 1114112K
  class space    used 6913K, committed 7424K, reserved 1048576K
}
Event: 19.986 GC heap before
{Heap before GC invocations=463 (full 272):
 PSYoungGen      total 5632K, used 5615K [0x00000000eab00000, 0x00000000eb480000, 0x0000000100000000)
  eden space 3072K, 100% used [0x00000000eab00000,0x00000000eae00000,0x00000000eae00000)
  from space 2560K, 99% used [0x00000000eb100000,0x00000000eb37bd98,0x00000000eb380000)
  to   space 3072K, 0% used [0x00000000eae00000,0x00000000eae00000,0x00000000eb100000)
 ParOldGen       total 699392K, used 227208K [0x00000000c0000000, 0x00000000eab00000, 0x00000000eab00000)
  object space 699392K, 32% used [0x00000000c0000000,0x00000000cdde2280,0x00000000eab00000)
 Metaspace       used 63574K, committed 64768K, reserved 1114112K
  class space    used 6919K, committed 7424K, reserved 1048576K
}
Event: 19.987 GC heap after
{Heap after GC invocations=463 (full 272):
 PSYoungGen      total 6144K, used 1947K [0x00000000eab00000, 0x00000000eb380000, 0x0000000100000000)
  eden space 3072K, 0% used [0x00000000eab00000,0x00000000eab00000,0x00000000eae00000)
  from space 3072K, 63% used [0x00000000eae00000,0x00000000eafe6c50,0x00000000eb100000)
  to   space 2560K, 0% used [0x00000000eb100000,0x00000000eb100000,0x00000000eb380000)
 ParOldGen       total 699392K, used 228402K [0x00000000c0000000, 0x00000000eab00000, 0x00000000eab00000)
  object space 699392K, 32% used [0x00000000c0000000,0x00000000cdf0cb90,0x00000000eab00000)
 Metaspace       used 63574K, committed 64768K, reserved 1114112K
  class space    used 6919K, committed 7424K, reserved 1048576K
}
Event: 19.994 GC heap before
{Heap before GC invocations=464 (full 272):
 PSYoungGen      total 6144K, used 5019K [0x00000000eab00000, 0x00000000eb380000, 0x0000000100000000)
  eden space 3072K, 100% used [0x00000000eab00000,0x00000000eae00000,0x00000000eae00000)
  from space 3072K, 63% used [0x00000000eae00000,0x00000000eafe6c50,0x00000000eb100000)
  to   space 2560K, 0% used [0x00000000eb100000,0x00000000eb100000,0x00000000eb380000)
 ParOldGen       total 699392K, used 228402K [0x00000000c0000000, 0x00000000eab00000, 0x00000000eab00000)
  object space 699392K, 32% used [0x00000000c0000000,0x00000000cdf0cb90,0x00000000eab00000)
 Metaspace       used 63618K, committed 64832K, reserved 1114112K
  class space    used 6923K, committed 7424K, reserved 1048576K
}
Event: 19.995 GC heap after
{Heap after GC invocations=464 (full 272):
 PSYoungGen      total 5632K, used 2535K [0x00000000eab00000, 0x00000000eb480000, 0x0000000100000000)
  eden space 3072K, 0% used [0x00000000eab00000,0x00000000eab00000,0x00000000eae00000)
  from space 2560K, 99% used [0x00000000eb100000,0x00000000eb379d20,0x00000000eb380000)
  to   space 3072K, 0% used [0x00000000eae00000,0x00000000eae00000,0x00000000eb100000)
 ParOldGen       total 699392K, used 228423K [0x00000000c0000000, 0x00000000eab00000, 0x00000000eab00000)
  object space 699392K, 32% used [0x00000000c0000000,0x00000000cdf11e88,0x00000000eab00000)
 Metaspace       used 63618K, committed 64832K, reserved 1114112K
  class space    used 6923K, committed 7424K, reserved 1048576K
}
Event: 20.014 GC heap before
{Heap before GC invocations=465 (full 272):
 PSYoungGen      total 5632K, used 5607K [0x00000000eab00000, 0x00000000eb480000, 0x0000000100000000)
  eden space 3072K, 100% used [0x00000000eab00000,0x00000000eae00000,0x00000000eae00000)
  from space 2560K, 99% used [0x00000000eb100000,0x00000000eb379d20,0x00000000eb380000)
  to   space 3072K, 0% used [0x00000000eae00000,0x00000000eae00000,0x00000000eb100000)
 ParOldGen       total 699392K, used 228423K [0x00000000c0000000, 0x00000000eab00000, 0x00000000eab00000)
  object space 699392K, 32% used [0x00000000c0000000,0x00000000cdf11e88,0x00000000eab00000)
 Metaspace       used 63618K, committed 64832K, reserved 1114112K
  class space    used 6923K, committed 7424K, reserved 1048576K
}
Event: 20.015 GC heap after
{Heap after GC invocations=465 (full 272):
 PSYoungGen      total 6144K, used 1998K [0x00000000eab00000, 0x00000000eb380000, 0x0000000100000000)
  eden space 3072K, 0% used [0x00000000eab00000,0x00000000eab00000,0x00000000eae00000)
  from space 3072K, 65% used [0x00000000eae00000,0x00000000eaff3a30,0x00000000eb100000)
  to   space 2560K, 0% used [0x00000000eb100000,0x00000000eb100000,0x00000000eb380000)
 ParOldGen       total 699392K, used 229646K [0x00000000c0000000, 0x00000000eab00000, 0x00000000eab00000)
  object space 699392K, 32% used [0x00000000c0000000,0x00000000ce043a30,0x00000000eab00000)
 Metaspace       used 63618K, committed 64832K, reserved 1114112K
  class space    used 6923K, committed 7424K, reserved 1048576K
}
Event: 20.021 GC heap before
{Heap before GC invocations=466 (full 272):
 PSYoungGen      total 6144K, used 5070K [0x00000000eab00000, 0x00000000eb380000, 0x0000000100000000)
  eden space 3072K, 100% used [0x00000000eab00000,0x00000000eae00000,0x00000000eae00000)
  from space 3072K, 65% used [0x00000000eae00000,0x00000000eaff3a30,0x00000000eb100000)
  to   space 2560K, 0% used [0x00000000eb100000,0x00000000eb100000,0x00000000eb380000)
 ParOldGen       total 699392K, used 229646K [0x00000000c0000000, 0x00000000eab00000, 0x00000000eab00000)
  object space 699392K, 32% used [0x00000000c0000000,0x00000000ce043a30,0x00000000eab00000)
 Metaspace       used 63618K, committed 64832K, reserved 1114112K
  class space    used 6923K, committed 7424K, reserved 1048576K
}
Event: 20.022 GC heap after
{Heap after GC invocations=466 (full 272):
 PSYoungGen      total 5632K, used 2553K [0x00000000eab00000, 0x00000000eb480000, 0x0000000100000000)
  eden space 3072K, 0% used [0x00000000eab00000,0x00000000eab00000,0x00000000eae00000)
  from space 2560K, 99% used [0x00000000eb100000,0x00000000eb37e520,0x00000000eb380000)
  to   space 3072K, 0% used [0x00000000eae00000,0x00000000eae00000,0x00000000eb100000)
 ParOldGen       total 699392K, used 229683K [0x00000000c0000000, 0x00000000eab00000, 0x00000000eab00000)
  object space 699392K, 32% used [0x00000000c0000000,0x00000000ce04cf70,0x00000000eab00000)
 Metaspace       used 63618K, committed 64832K, reserved 1114112K
  class space    used 6923K, committed 7424K, reserved 1048576K
}
Event: 20.027 GC heap before
{Heap before GC invocations=467 (full 272):
 PSYoungGen      total 5632K, used 5625K [0x00000000eab00000, 0x00000000eb480000, 0x0000000100000000)
  eden space 3072K, 100% used [0x00000000eab00000,0x00000000eae00000,0x00000000eae00000)
  from space 2560K, 99% used [0x00000000eb100000,0x00000000eb37e520,0x00000000eb380000)
  to   space 3072K, 0% used [0x00000000eae00000,0x00000000eae00000,0x00000000eb100000)
 ParOldGen       total 699392K, used 229683K [0x00000000c0000000, 0x00000000eab00000, 0x00000000eab00000)
  object space 699392K, 32% used [0x00000000c0000000,0x00000000ce04cf70,0x00000000eab00000)
 Metaspace       used 63618K, committed 64832K, reserved 1114112K
  class space    used 6923K, committed 7424K, reserved 1048576K
}
Event: 20.029 GC heap after
{Heap after GC invocations=467 (full 272):
 PSYoungGen      total 6144K, used 2207K [0x00000000eab00000, 0x00000000eb380000, 0x0000000100000000)
  eden space 3072K, 0% used [0x00000000eab00000,0x00000000eab00000,0x00000000eae00000)
  from space 3072K, 71% used [0x00000000eae00000,0x00000000eb027fe0,0x00000000eb100000)
  to   space 2560K, 0% used [0x00000000eb100000,0x00000000eb100000,0x00000000eb380000)
 ParOldGen       total 699392K, used 230843K [0x00000000c0000000, 0x00000000eab00000, 0x00000000eab00000)
  object space 699392K, 33% used [0x00000000c0000000,0x00000000ce16efc0,0x00000000eab00000)
 Metaspace       used 63618K, committed 64832K, reserved 1114112K
  class space    used 6923K, committed 7424K, reserved 1048576K
}
Event: 20.035 GC heap before
{Heap before GC invocations=468 (full 272):
 PSYoungGen      total 6144K, used 5279K [0x00000000eab00000, 0x00000000eb380000, 0x0000000100000000)
  eden space 3072K, 100% used [0x00000000eab00000,0x00000000eae00000,0x00000000eae00000)
  from space 3072K, 71% used [0x00000000eae00000,0x00000000eb027fe0,0x00000000eb100000)
  to   space 2560K, 0% used [0x00000000eb100000,0x00000000eb100000,0x00000000eb380000)
 ParOldGen       total 699392K, used 230843K [0x00000000c0000000, 0x00000000eab00000, 0x00000000eab00000)
  object space 699392K, 33% used [0x00000000c0000000,0x00000000ce16efc0,0x00000000eab00000)
 Metaspace       used 63618K, committed 64832K, reserved 1114112K
  class space    used 6923K, committed 7424K, reserved 1048576K
}
Event: 20.036 GC heap after
{Heap after GC invocations=468 (full 272):
 PSYoungGen      total 5632K, used 2550K [0x00000000eab00000, 0x00000000eb480000, 0x0000000100000000)
  eden space 3072K, 0% used [0x00000000eab00000,0x00000000eab00000,0x00000000eae00000)
  from space 2560K, 99% used [0x00000000eb100000,0x00000000eb37d8b0,0x00000000eb380000)
  to   space 3072K, 0% used [0x00000000eae00000,0x00000000eae00000,0x00000000eb100000)
 ParOldGen       total 699392K, used 231045K [0x00000000c0000000, 0x00000000eab00000, 0x00000000eab00000)
  object space 699392K, 33% used [0x00000000c0000000,0x00000000ce1a14b0,0x00000000eab00000)
 Metaspace       used 63618K, committed 64832K, reserved 1114112K
  class space    used 6923K, committed 7424K, reserved 1048576K
}
Event: 20.042 GC heap before
{Heap before GC invocations=469 (full 272):
 PSYoungGen      total 5632K, used 5622K [0x00000000eab00000, 0x00000000eb480000, 0x0000000100000000)
  eden space 3072K, 100% used [0x00000000eab00000,0x00000000eae00000,0x00000000eae00000)
  from space 2560K, 99% used [0x00000000eb100000,0x00000000eb37d8b0,0x00000000eb380000)
  to   space 3072K, 0% used [0x00000000eae00000,0x00000000eae00000,0x00000000eb100000)
 ParOldGen       total 699392K, used 231045K [0x00000000c0000000, 0x00000000eab00000, 0x00000000eab00000)
  object space 699392K, 33% used [0x00000000c0000000,0x00000000ce1a14b0,0x00000000eab00000)
 Metaspace       used 63618K, committed 64832K, reserved 1114112K
  class space    used 6923K, committed 7424K, reserved 1048576K
}

